<?xml version="1.0" encoding="UTF-8"?>
<!-- Generated by org.testng.reporters.JUnitXMLReporter -->
<testsuite hostname="ML-HP" ignored="2" name="Mobiquity" tests="4" failures="1" timestamp="26 aug 2019 15:18:16 GMT" time="24.261" errors="0">
  <testcase name="S01_01_SuccessfulLogin" time="2.511" classname="test.S01_Login"/>
  <testcase name="S01_02_InvalidUsername" time="2.251" classname="test.S01_Login"/>
  <testcase name="S01_03_InvalidPassword" time="2.371" classname="test.S01_Login"/>
  <testcase name="S02_01_SuccessfulLogout" time="3.079" classname="test.S02_Logout">
    <failure type="java.lang.AssertionError" message="
Failed Steps: 
 - User was NOT able to click logout. Error message: element click intercepted: Element &amp;lt;p class=&amp;quot;main-button&amp;quot; ng-click=&amp;quot;logout()&amp;quot;&amp;gt;...&amp;lt;/p&amp;gt; is not clickable at point (930, 245). Other element would receive the click: &amp;lt;div class=&amp;quot;main-view-wrapper main-view-wrapper-loggedIn&amp;quot; ng-class=&amp;quot;{login:&amp;apos;main-view-wrapper-loggedIn&amp;apos;,
      employees:&amp;apos;main-view-wrapper-employees&amp;apos;,
      edit:&amp;apos;main-view-wrapper-edit&amp;apos;,
      create:&amp;apos;main-view-wrapper-create&amp;apos;}[viewState.current]&amp;quot;&amp;gt;...&amp;lt;/div&amp;gt;
  (Session info: chrome=76.0.3809.100)
Build info: version: &amp;apos;3.14.0&amp;apos;, revision: &amp;apos;aacccce0&amp;apos;, time: &amp;apos;2018-08-02T20:19:58.91Z&amp;apos;
System info: host: &amp;apos;ML-HP&amp;apos;, ip: &amp;apos;192.168.56.1&amp;apos;, os.name: &amp;apos;Windows 10&amp;apos;, os.arch: &amp;apos;amd64&amp;apos;, os.version: &amp;apos;10.0&amp;apos;, java.version: &amp;apos;1.8.0_221&amp;apos;
Driver info: org.openqa.selenium.chrome.ChromeDriver
Capabilities {acceptInsecureCerts: false, browserName: chrome, browserVersion: 76.0.3809.100, chrome: {chromedriverVersion: 76.0.3809.68 (420c9498db8ce..., userDataDir: C:\Users\Looijen\AppData\Lo...}, goog:chromeOptions: {debuggerAddress: localhost:55280}, javascriptEnabled: true, networkConnectionEnabled: false, pageLoadStrategy: normal, platform: XP, platformName: XP, proxy: Proxy(), setWindowRect: true, strictFileInteractability: false, timeouts: {implicit: 0, pageLoad: 300000, script: 30000}, unhandledPromptBehavior: dismiss and notify}
Session ID: d5e2d52a50b18d655089ca1e0d8b505d
">
      <![CDATA[java.lang.AssertionError: 
Failed Steps: 
 - User was NOT able to click logout. Error message: element click intercepted: Element <p class="main-button" ng-click="logout()">...</p> is not clickable at point (930, 245). Other element would receive the click: <div class="main-view-wrapper main-view-wrapper-loggedIn" ng-class="{login:'main-view-wrapper-loggedIn',
      employees:'main-view-wrapper-employees',
      edit:'main-view-wrapper-edit',
      create:'main-view-wrapper-create'}[viewState.current]">...</div>
  (Session info: chrome=76.0.3809.100)
Build info: version: '3.14.0', revision: 'aacccce0', time: '2018-08-02T20:19:58.91Z'
System info: host: 'ML-HP', ip: '192.168.56.1', os.name: 'Windows 10', os.arch: 'amd64', os.version: '10.0', java.version: '1.8.0_221'
Driver info: org.openqa.selenium.chrome.ChromeDriver
Capabilities {acceptInsecureCerts: false, browserName: chrome, browserVersion: 76.0.3809.100, chrome: {chromedriverVersion: 76.0.3809.68 (420c9498db8ce..., userDataDir: C:\Users\Looijen\AppData\Lo...}, goog:chromeOptions: {debuggerAddress: localhost:55280}, javascriptEnabled: true, networkConnectionEnabled: false, pageLoadStrategy: normal, platform: XP, platformName: XP, proxy: Proxy(), setWindowRect: true, strictFileInteractability: false, timeouts: {implicit: 0, pageLoad: 300000, script: 30000}, unhandledPromptBehavior: dismiss and notify}
Session ID: d5e2d52a50b18d655089ca1e0d8b505d

at main.Logger.validateTestCase(Logger.java:164)
at test.S02_Logout.S02_01_SuccessfulLogout(S02_Logout.java:29)
... Removed 26 stack frames]]>
    </failure>
  </testcase> <!-- S02_01_SuccessfulLogout -->
  <testcase name="@BeforeSuite startSuite" time="0.0" classname="main.BaseClass">
    <ignored/>
  </testcase> <!-- @BeforeSuite startSuite -->
  <testcase name="@AfterSuite endSuite" time="0.0" classname="main.BaseClass">
    <ignored/>
  </testcase> <!-- @AfterSuite endSuite -->
</testsuite> <!-- Mobiquity -->
